
Loading MNIST Data...

Loading Training Data...

Loading Testing Data...

Preparing Classifier Training and Validation Data...

KNN Classifier with n_neighbors = 5, algorithm = auto, n_jobs = 10

Pickling the Classifier for Future Use...

Calculating Accuracy of trained Classifier...

Making Predictions on Validation Data...

Calculating Accuracy of Predictions...

Creating Confusion Matrix...

KNN Trained Classifier Confidence:  0.9745

Predicted Values:  [2 3 4 ... 3 5 0]

Accuracy of Classifier on Validation Image Data:  0.9745

Confusion Matrix: 
 [[605   0   0   0   0   3   1   0   0   0]
 [  0 670   1   0   0   0   0   0   1   0]
 [  3   7 563   1   2   0   1  11   1   0]
 [  0   2   2 560   0   3   0   4   4   0]
 [  2   6   0   0 551   0   3   0   1  13]
 [  1   0   0   3   0 513   5   0   1   2]
 [  2   1   0   0   2   1 617   0   0   0]
 [  0   7   0   0   1   0   0 629   1   5]
 [  1   3   1   5   3   8   3   1 538   5]
 [  3   0   0   2   8   1   0   5   0 601]]

Making Predictions on Test Input Images...

Calculating Accuracy of Trained Classifier on Test Data... 

 Creating Confusion Matrix for Test Data...

Predicted Labels for Test Images:  [1 8 2 ... 8 6 3]

Accuracy of Classifier on Test Images:  0.9480965463108321

Confusion Matrix for Test Data: 
 [[1022    1    1    1    0    2    8    3    3    3]
 [   0 1016    0    0    0    0    0    3    1    0]
 [   3   10  946    9    5    0    0   12    3    1]
 [   3    6    9  953    2   24    1    5    2    4]
 [   2   14    1    0  920    1    4    2    0   48]
 [  11    0    0    9    6  985   22    0    2   10]
 [  11    5    1    0    0    1 1011    0    2    0]
 [   1   29    4    1    1    1    0  971    0   15]
 [   4   24   15   35    8   36    5    8  906   12]
 [   3    3    1    1   14    2    0   27    2  933]]
